
/home/runner/work/exp-membrane-separation-iitkgp/exp-membrane-separation-iitkgp/experiment/simulation/script.js
  12:10  warning  'uflow' is defined but never used     no-unused-vars
  16:2   warning  Mixed spaces and tabs                 no-mixed-spaces-and-tabs
  17:1   warning  Mixed spaces and tabs                 no-mixed-spaces-and-tabs
  18:1   warning  Mixed spaces and tabs                 no-mixed-spaces-and-tabs
  19:1   warning  Mixed spaces and tabs                 no-mixed-spaces-and-tabs
  20:2   warning  Mixed spaces and tabs                 no-mixed-spaces-and-tabs
  21:1   warning  Mixed spaces and tabs                 no-mixed-spaces-and-tabs
  22:1   warning  Mixed spaces and tabs                 no-mixed-spaces-and-tabs
  23:1   warning  Mixed spaces and tabs                 no-mixed-spaces-and-tabs
  24:1   warning  Mixed spaces and tabs                 no-mixed-spaces-and-tabs
  27:10  warning  'tankflow' is defined but never used  no-unused-vars
  29:1   warning  Mixed spaces and tabs                 no-mixed-spaces-and-tabs
  30:1   warning  Mixed spaces and tabs                 no-mixed-spaces-and-tabs
  33:1   warning  Mixed spaces and tabs                 no-mixed-spaces-and-tabs
  34:2   warning  Mixed spaces and tabs                 no-mixed-spaces-and-tabs
  35:1   warning  Mixed spaces and tabs                 no-mixed-spaces-and-tabs
  36:1   warning  Mixed spaces and tabs                 no-mixed-spaces-and-tabs
  37:2   warning  Mixed spaces and tabs                 no-mixed-spaces-and-tabs
  38:1   warning  Mixed spaces and tabs                 no-mixed-spaces-and-tabs
  39:1   warning  Mixed spaces and tabs                 no-mixed-spaces-and-tabs
  40:2   warning  Mixed spaces and tabs                 no-mixed-spaces-and-tabs
  41:1   warning  Mixed spaces and tabs                 no-mixed-spaces-and-tabs
  42:1   warning  Mixed spaces and tabs                 no-mixed-spaces-and-tabs
  43:1   warning  Mixed spaces and tabs                 no-mixed-spaces-and-tabs
  44:2   warning  Mixed spaces and tabs                 no-mixed-spaces-and-tabs
  45:1   warning  Mixed spaces and tabs                 no-mixed-spaces-and-tabs
  46:1   warning  Mixed spaces and tabs                 no-mixed-spaces-and-tabs
  47:1   warning  Mixed spaces and tabs                 no-mixed-spaces-and-tabs
  48:2   warning  Mixed spaces and tabs                 no-mixed-spaces-and-tabs
  49:1   warning  Mixed spaces and tabs                 no-mixed-spaces-and-tabs
  50:1   warning  Mixed spaces and tabs                 no-mixed-spaces-and-tabs
  51:1   warning  Mixed spaces and tabs                 no-mixed-spaces-and-tabs
  52:2   warning  Mixed spaces and tabs                 no-mixed-spaces-and-tabs
  53:1   warning  Mixed spaces and tabs                 no-mixed-spaces-and-tabs
  54:1   warning  Mixed spaces and tabs                 no-mixed-spaces-and-tabs
  55:1   warning  Mixed spaces and tabs                 no-mixed-spaces-and-tabs
  56:2   warning  Mixed spaces and tabs                 no-mixed-spaces-and-tabs
  57:1   warning  Mixed spaces and tabs                 no-mixed-spaces-and-tabs
  58:1   warning  Mixed spaces and tabs                 no-mixed-spaces-and-tabs
  59:1   warning  Mixed spaces and tabs                 no-mixed-spaces-and-tabs
  60:2   warning  Mixed spaces and tabs                 no-mixed-spaces-and-tabs
  61:1   warning  Mixed spaces and tabs                 no-mixed-spaces-and-tabs
  62:1   warning  Mixed spaces and tabs                 no-mixed-spaces-and-tabs
  64:1   warning  Mixed spaces and tabs                 no-mixed-spaces-and-tabs
  65:1   warning  Mixed spaces and tabs                 no-mixed-spaces-and-tabs
  66:1   warning  Mixed spaces and tabs                 no-mixed-spaces-and-tabs
  67:1   warning  Mixed spaces and tabs                 no-mixed-spaces-and-tabs
  68:1   warning  Mixed spaces and tabs                 no-mixed-spaces-and-tabs
  72:10  warning  'moveUp' is defined but never used    no-unused-vars

/home/runner/work/exp-membrane-separation-iitkgp/exp-membrane-separation-iitkgp/experiment/simulation/water/script.js
  12:10  warning  'uflow' is defined but never used     no-unused-vars
  16:2   warning  Mixed spaces and tabs                 no-mixed-spaces-and-tabs
  17:1   warning  Mixed spaces and tabs                 no-mixed-spaces-and-tabs
  18:1   warning  Mixed spaces and tabs                 no-mixed-spaces-and-tabs
  19:1   warning  Mixed spaces and tabs                 no-mixed-spaces-and-tabs
  20:2   warning  Mixed spaces and tabs                 no-mixed-spaces-and-tabs
  21:1   warning  Mixed spaces and tabs                 no-mixed-spaces-and-tabs
  22:1   warning  Mixed spaces and tabs                 no-mixed-spaces-and-tabs
  23:1   warning  Mixed spaces and tabs                 no-mixed-spaces-and-tabs
  24:1   warning  Mixed spaces and tabs                 no-mixed-spaces-and-tabs
  27:10  warning  'tankflow' is defined but never used  no-unused-vars
  29:1   warning  Mixed spaces and tabs                 no-mixed-spaces-and-tabs
  30:1   warning  Mixed spaces and tabs                 no-mixed-spaces-and-tabs
  33:1   warning  Mixed spaces and tabs                 no-mixed-spaces-and-tabs
  34:2   warning  Mixed spaces and tabs                 no-mixed-spaces-and-tabs
  35:1   warning  Mixed spaces and tabs                 no-mixed-spaces-and-tabs
  36:1   warning  Mixed spaces and tabs                 no-mixed-spaces-and-tabs
  37:2   warning  Mixed spaces and tabs                 no-mixed-spaces-and-tabs
  38:1   warning  Mixed spaces and tabs                 no-mixed-spaces-and-tabs
  39:1   warning  Mixed spaces and tabs                 no-mixed-spaces-and-tabs
  40:2   warning  Mixed spaces and tabs                 no-mixed-spaces-and-tabs
  41:1   warning  Mixed spaces and tabs                 no-mixed-spaces-and-tabs
  42:1   warning  Mixed spaces and tabs                 no-mixed-spaces-and-tabs
  43:1   warning  Mixed spaces and tabs                 no-mixed-spaces-and-tabs
  44:2   warning  Mixed spaces and tabs                 no-mixed-spaces-and-tabs
  45:1   warning  Mixed spaces and tabs                 no-mixed-spaces-and-tabs
  46:1   warning  Mixed spaces and tabs                 no-mixed-spaces-and-tabs
  47:1   warning  Mixed spaces and tabs                 no-mixed-spaces-and-tabs
  48:2   warning  Mixed spaces and tabs                 no-mixed-spaces-and-tabs
  49:1   warning  Mixed spaces and tabs                 no-mixed-spaces-and-tabs
  50:1   warning  Mixed spaces and tabs                 no-mixed-spaces-and-tabs
  51:1   warning  Mixed spaces and tabs                 no-mixed-spaces-and-tabs
  52:2   warning  Mixed spaces and tabs                 no-mixed-spaces-and-tabs
  53:1   warning  Mixed spaces and tabs                 no-mixed-spaces-and-tabs
  54:1   warning  Mixed spaces and tabs                 no-mixed-spaces-and-tabs
  55:1   warning  Mixed spaces and tabs                 no-mixed-spaces-and-tabs
  56:2   warning  Mixed spaces and tabs                 no-mixed-spaces-and-tabs
  57:1   warning  Mixed spaces and tabs                 no-mixed-spaces-and-tabs
  58:1   warning  Mixed spaces and tabs                 no-mixed-spaces-and-tabs
  59:1   warning  Mixed spaces and tabs                 no-mixed-spaces-and-tabs
  60:2   warning  Mixed spaces and tabs                 no-mixed-spaces-and-tabs
  61:1   warning  Mixed spaces and tabs                 no-mixed-spaces-and-tabs
  62:1   warning  Mixed spaces and tabs                 no-mixed-spaces-and-tabs
  64:1   warning  Mixed spaces and tabs                 no-mixed-spaces-and-tabs
  65:1   warning  Mixed spaces and tabs                 no-mixed-spaces-and-tabs
  66:1   warning  Mixed spaces and tabs                 no-mixed-spaces-and-tabs
  67:1   warning  Mixed spaces and tabs                 no-mixed-spaces-and-tabs
  68:1   warning  Mixed spaces and tabs                 no-mixed-spaces-and-tabs
  72:10  warning  'moveUp' is defined but never used    no-unused-vars

✖ 98 problems (0 errors, 98 warnings)

